#
# A fatal error has been detected by the Java Runtime Environment:
#
#  Internal Error (javaClasses.cpp:129), pid=23280, tid=16724
#  fatal error: Invalid layout of preloaded class
#
# JRE version: 7.0_07-b10
# Java VM: Java HotSpot(TM) 64-Bit Server VM (23.3-b01 mixed mode windows-amd64 compressed oops)
# Failed to write core dump. Minidumps are not enabled by default on client versions of Windows
#
# If you would like to submit a bug report, please visit:
#   http://bugreport.sun.com/bugreport/crash.jsp
#

---------------  T H R E A D  ---------------

Current thread (0x000000000023c800):  JavaThread "Unknown thread" [_thread_in_vm, id=16724, stack(0x0000000002510000,0x0000000002610000)]

Stack: [0x0000000002510000,0x0000000002610000]

---------------  P R O C E S S  ---------------

Java Threads: ( => current thread )

Other Threads:

=>0x000000000023c800 (exited) JavaThread "Unknown thread" [_thread_in_vm, id=16724, stack(0x0000000002510000,0x0000000002610000)]

VM state:not at safepoint (not fully initialized)

VM Mutex/Monitor currently owned by a thread: None

GC Heap History (0 events):
No events

Deoptimization events (0 events):
No events

Internal exceptions (0 events):
No events

Events (10 events):
Event: 0.006 loading class 0x000000000228ff30 done
Event: 0.007 loading class 0x0000000002252410 done
Event: 0.007 loading class 0x00000000022523e0
Event: 0.007 loading class 0x000000000229cd40
Event: 0.007 loading class 0x000000000229cd40 done
Event: 0.007 loading class 0x000000000229cd80
Event: 0.007 loading class 0x000000000229cd80 done
Event: 0.007 loading class 0x00000000089ef8e0
Event: 0.007 loading class 0x00000000089ef8e0 done
Event: 0.007 loading class 0x00000000022523e0 done


Dynamic libraries:
0x000000013fb60000 - 0x000000013fb94000 	C:\Program Files\Java\jre7\bin\javaw.exe
0x0000000077530000 - 0x00000000776d9000 	C:\Windows\SYSTEM32\ntdll.dll
0x0000000077410000 - 0x000000007752f000 	C:\Windows\system32\kernel32.dll
0x000007fefd530000 - 0x000007fefd59b000 	C:\Windows\system32\KERNELBASE.dll
0x000007feff490000 - 0x000007feff56b000 	C:\Windows\system32\ADVAPI32.dll
0x000007feff2e0000 - 0x000007feff37f000 	C:\Windows\system32\msvcrt.dll
0x000007feff470000 - 0x000007feff48f000 	C:\Windows\SYSTEM32\sechost.dll
0x000007fefe8b0000 - 0x000007fefe9dd000 	C:\Windows\system32\RPCRT4.dll
0x0000000077310000 - 0x000000007740a000 	C:\Windows\system32\USER32.dll
0x000007fefee00000 - 0x000007fefee67000 	C:\Windows\system32\GDI32.dll
0x000007feff3e0000 - 0x000007feff3ee000 	C:\Windows\system32\LPK.dll
0x000007feff6f0000 - 0x000007feff7b9000 	C:\Windows\system32\USP10.dll
0x000007fefc460000 - 0x000007fefc654000 	C:\Windows\WinSxS\amd64_microsoft.windows.common-controls_6595b64144ccf1df_6.0.7601.17514_none_fa396087175ac9ac\COMCTL32.dll
0x000007feff7c0000 - 0x000007feff831000 	C:\Windows\system32\SHLWAPI.dll
0x000007fefe880000 - 0x000007fefe8ae000 	C:\Windows\system32\IMM32.DLL
0x000007feff1d0000 - 0x000007feff2d9000 	C:\Windows\system32\MSCTF.dll
0x00000000708e0000 - 0x00000000709b1000 	C:\Program Files\Java\jre7\bin\msvcr100.dll
0x000000006e490000 - 0x000000006ebaf000 	C:\Program Files\Java\jre7\bin\server\jvm.dll
0x000007fef8f50000 - 0x000007fef8f59000 	C:\Windows\system32\WSOCK32.dll
0x000007feff380000 - 0x000007feff3cd000 	C:\Windows\system32\WS2_32.dll
0x000007feff3d0000 - 0x000007feff3d8000 	C:\Windows\system32\NSI.dll
0x000007fefc100000 - 0x000007fefc13b000 	C:\Windows\system32\WINMM.dll
0x0000000077700000 - 0x0000000077707000 	C:\Windows\system32\PSAPI.DLL
0x0000000074950000 - 0x000000007495f000 	C:\Program Files\Java\jre7\bin\verify.dll
0x0000000074860000 - 0x0000000074888000 	C:\Program Files\Java\jre7\bin\java.dll
0x0000000074900000 - 0x0000000074915000 	C:\Program Files\Java\jre7\bin\zip.dll

VM Arguments:
jvm_args: -Dfile.encoding=Cp1252 -Xbootclasspath:C:\Android\sdk\platforms\android-17\android.jar 
java_command: com.example.controllers.HostDevice
Launcher Type: SUN_STANDARD

Environment Variables:
PATH=C:\Program Files\Common Files\Microsoft Shared\Windows Live;C:\Program Files (x86)\Common Files\Microsoft Shared\Windows Live;C:\Program Files (x86)\Intel\iCLS Client\;C:\Program Files\Intel\iCLS Client\;C:\Program Files (x86)\AMD APP\bin\x86_64;C:\Program Files (x86)\AMD APP\bin\x86;C:\Windows\system32;C:\Windows;C:\Windows\System32\Wbem;C:\Program Files (x86)\Common Files\Roxio Shared\DLLShared\;C:\Program Files (x86)\Common Files\Roxio Shared\10.0\DLLShared\;C:\Program Files\WIDCOMM\Bluetooth Software\;C:\Program Files\WIDCOMM\Bluetooth Software\syswow64;C:\Program Files (x86)\ATI Technologies\ATI.ACE\Core-Static;C:\Program Files\Intel\Intel(R) Management Engine Components\DAL;C:\Program Files\Intel\Intel(R) Management Engine Components\IPT;C:\Program Files (x86)\Intel\Intel(R) Management Engine Components\DAL;C:\Program Files (x86)\Intel\Intel(R) Management Engine Components\IPT;C:\Program Files (x86)\Windows Live\Shared;C:\Program Files (x86)\Hewlett-Packard\HP ProtectTools Security Manager\Bin\;C:\Zend\MySQL51\bin;C:\Zend\ZendServer\share\ZendFramework\bin;C:\Zend\ZendServer\bin;C:\Windows\System32\WindowsPowerShell\v1.0\;C:\Program Files\Android\android-sdk\tools
USERNAME=VEBER_DMIT
OS=Windows_NT
PROCESSOR_IDENTIFIER=Intel64 Family 6 Model 58 Stepping 9, GenuineIntel



---------------  S Y S T E M  ---------------

OS: Windows 7 , 64 bit Build 7601 Service Pack 1

CPU:total 4 (2 cores per cpu, 2 threads per core) family 6 model 58 stepping 9, cmov, cx8, fxsr, mmx, sse, sse2, sse3, ssse3, sse4.1, sse4.2, popcnt, avx, ht, tsc, tscinvbit, tscinv

Memory: 4k page, physical 4126444k(1270740k free), swap 11840044k(6565464k free)

vm_info: Java HotSpot(TM) 64-Bit Server VM (23.3-b01) for windows-amd64 JRE (1.7.0_07-b10), built on Aug 28 2012 18:28:27 by "java_re" with unknown MS VC++:1600

time: Mon Mar 18 22:52:50 2013
elapsed time: 0 seconds

