#
# A fatal error has been detected by the Java Runtime Environment:
#
#  Internal Error (javaClasses.cpp:129), pid=3944, tid=14256
#  fatal error: Invalid layout of preloaded class
#
# JRE version: 7.0_07-b10
# Java VM: Java HotSpot(TM) 64-Bit Server VM (23.3-b01 mixed mode windows-amd64 compressed oops)
# Failed to write core dump. Minidumps are not enabled by default on client versions of Windows
#
# If you would like to submit a bug report, please visit:
#   http://bugreport.sun.com/bugreport/crash.jsp
#

---------------  T H R E A D  ---------------

Current thread (0x0000000001f8c800):  JavaThread "Unknown thread" [_thread_in_vm, id=14256, stack(0x0000000002160000,0x0000000002260000)]

Stack: [0x0000000002160000,0x0000000002260000]

---------------  P R O C E S S  ---------------

Java Threads: ( => current thread )

Other Threads:

=>0x0000000001f8c800 (exited) JavaThread "Unknown thread" [_thread_in_vm, id=14256, stack(0x0000000002160000,0x0000000002260000)]

VM state:not at safepoint (not fully initialized)

VM Mutex/Monitor currently owned by a thread: None

GC Heap History (0 events):
No events

Deoptimization events (0 events):
No events

Internal exceptions (0 events):
No events

Events (10 events):
Event: 0.011 loading class 0x0000000001e10200 done
Event: 0.011 loading class 0x0000000001dd2410 done
Event: 0.011 loading class 0x0000000001dd23e0
Event: 0.011 loading class 0x0000000001e1cd90
Event: 0.012 loading class 0x0000000001e1cd90 done
Event: 0.012 loading class 0x0000000001e1cdd0
Event: 0.012 loading class 0x0000000001e1cdd0 done
Event: 0.012 loading class 0x00000000084afbb0
Event: 0.012 loading class 0x00000000084afbb0 done
Event: 0.012 loading class 0x0000000001dd23e0 done


Dynamic libraries:
0x000000013f120000 - 0x000000013f154000 	C:\Program Files\Java\jre7\bin\javaw.exe
0x00000000774b0000 - 0x0000000077659000 	C:\Windows\SYSTEM32\ntdll.dll
0x0000000077290000 - 0x00000000773af000 	C:\Windows\system32\kernel32.dll
0x000007fefd620000 - 0x000007fefd68b000 	C:\Windows\system32\KERNELBASE.dll
0x000007feff550000 - 0x000007feff62b000 	C:\Windows\system32\ADVAPI32.dll
0x000007feff340000 - 0x000007feff3df000 	C:\Windows\system32\msvcrt.dll
0x000007fefe750000 - 0x000007fefe76f000 	C:\Windows\SYSTEM32\sechost.dll
0x000007feff210000 - 0x000007feff33d000 	C:\Windows\system32\RPCRT4.dll
0x00000000773b0000 - 0x00000000774aa000 	C:\Windows\system32\USER32.dll
0x000007fefe5b0000 - 0x000007fefe617000 	C:\Windows\system32\GDI32.dll
0x000007fefedb0000 - 0x000007fefedbe000 	C:\Windows\system32\LPK.dll
0x000007feff480000 - 0x000007feff549000 	C:\Windows\system32\USP10.dll
0x000007fefc300000 - 0x000007fefc4f4000 	C:\Windows\WinSxS\amd64_microsoft.windows.common-controls_6595b64144ccf1df_6.0.7601.17514_none_fa396087175ac9ac\COMCTL32.dll
0x000007feff740000 - 0x000007feff7b1000 	C:\Windows\system32\SHLWAPI.dll
0x000007fefd7f0000 - 0x000007fefd81e000 	C:\Windows\system32\IMM32.DLL
0x000007feff630000 - 0x000007feff739000 	C:\Windows\system32\MSCTF.dll
0x000000006dcf0000 - 0x000000006ddc1000 	C:\Program Files\Java\jre7\bin\msvcr100.dll
0x0000000052450000 - 0x0000000052b6f000 	C:\Program Files\Java\jre7\bin\server\jvm.dll
0x000007fef8790000 - 0x000007fef8799000 	C:\Windows\system32\WSOCK32.dll
0x000007feff1c0000 - 0x000007feff20d000 	C:\Windows\system32\WS2_32.dll
0x000007feff150000 - 0x000007feff158000 	C:\Windows\system32\NSI.dll
0x000007fefc080000 - 0x000007fefc0bb000 	C:\Windows\system32\WINMM.dll
0x0000000077670000 - 0x0000000077677000 	C:\Windows\system32\PSAPI.DLL
0x0000000072070000 - 0x000000007207f000 	C:\Program Files\Java\jre7\bin\verify.dll
0x00000000702f0000 - 0x0000000070318000 	C:\Program Files\Java\jre7\bin\java.dll
0x00000000706f0000 - 0x0000000070705000 	C:\Program Files\Java\jre7\bin\zip.dll

VM Arguments:
jvm_args: -Dfile.encoding=Cp1252 -Xbootclasspath:C:\Android\sdk\platforms\android-17\android.jar 
java_command: com.example.controllers.PlayerDevice
Launcher Type: SUN_STANDARD

Environment Variables:
PATH=C:\Program Files\Common Files\Microsoft Shared\Windows Live;C:\Program Files (x86)\Common Files\Microsoft Shared\Windows Live;C:\Program Files (x86)\Intel\iCLS Client\;C:\Program Files\Intel\iCLS Client\;C:\Program Files (x86)\AMD APP\bin\x86_64;C:\Program Files (x86)\AMD APP\bin\x86;C:\Windows\system32;C:\Windows;C:\Windows\System32\Wbem;C:\Program Files (x86)\Common Files\Roxio Shared\DLLShared\;C:\Program Files (x86)\Common Files\Roxio Shared\10.0\DLLShared\;C:\Program Files\WIDCOMM\Bluetooth Software\;C:\Program Files\WIDCOMM\Bluetooth Software\syswow64;C:\Program Files (x86)\ATI Technologies\ATI.ACE\Core-Static;C:\Program Files\Intel\Intel(R) Management Engine Components\DAL;C:\Program Files\Intel\Intel(R) Management Engine Components\IPT;C:\Program Files (x86)\Intel\Intel(R) Management Engine Components\DAL;C:\Program Files (x86)\Intel\Intel(R) Management Engine Components\IPT;C:\Program Files (x86)\Windows Live\Shared;C:\Program Files (x86)\Hewlett-Packard\HP ProtectTools Security Manager\Bin\;C:\Zend\MySQL51\bin;C:\Zend\ZendServer\share\ZendFramework\bin;C:\Zend\ZendServer\bin;C:\Windows\System32\WindowsPowerShell\v1.0\;C:\Program Files\Android\android-sdk\tools
USERNAME=VEBER_DMIT
OS=Windows_NT
PROCESSOR_IDENTIFIER=Intel64 Family 6 Model 58 Stepping 9, GenuineIntel



---------------  S Y S T E M  ---------------

OS: Windows 7 , 64 bit Build 7601 Service Pack 1

CPU:total 4 (2 cores per cpu, 2 threads per core) family 6 model 58 stepping 9, cmov, cx8, fxsr, mmx, sse, sse2, sse3, ssse3, sse4.1, sse4.2, popcnt, avx, ht, tsc, tscinvbit, tscinv

Memory: 4k page, physical 4126444k(1154040k free), swap 6206496k(1470764k free)

vm_info: Java HotSpot(TM) 64-Bit Server VM (23.3-b01) for windows-amd64 JRE (1.7.0_07-b10), built on Aug 28 2012 18:28:27 by "java_re" with unknown MS VC++:1600

time: Sun Mar 24 14:33:36 2013
elapsed time: 0 seconds

